<?xml version="1.0" encoding="UTF-8"?>
<testsuite xmlns:xsi="http://www.w3.org/2001/XMLSchema-instance" xsi:noNamespaceSchemaLocation="https://maven.apache.org/surefire/maven-surefire-plugin/xsd/surefire-test-report.xsd" version="3.0.2" name="com.app.quantitymeasurement.repository.QuantityMeasurementRepositoryTest" time="13.579" tests="2" errors="0" skipped="0" failures="0">
  <properties>
[...]
</properties>
  <testcase name="countByOperationAndErrorFalseReturnsOnlySuccessfulRows" classname="com.app.quantitymeasurement.repository.QuantityMeasurementRepositoryTest" time="10.868">
    <system-out><![CDATA[Standard Commons Logging discovery in action with spring-jcl: please remove commons-logging.jar from classpath in order to avoid potential conflicts
00:22:36.566 [main] INFO org.springframework.test.context.support.AnnotationConfigContextLoaderUtils -- Could not detect default configuration classes for test class [com.app.quantitymeasurement.repository.QuantityMeasurementRepositoryTest]: QuantityMeasurementRepositoryTest does not declare any static, non-private, non-final, nested classes annotated with @Configuration.
00:22:36.702 [main] INFO org.springframework.boot.test.context.SpringBootTestContextBootstrapper -- Found @SpringBootConfiguration com.app.quantitymeasurement.QuantityMeasurementApplication for test class com.app.quantitymeasurement.repository.QuantityMeasurementRepositoryTest

  .   ____          _            __ _ _
 /\\ / ___'_ __ _ _(_)_ __  __ _ \ \ \ \
( ( )\___ | '_ | '_| | '_ \/ _` | \ \ \ \
 \\/  ___)| |_)| | | | | || (_| |  ) ) ) )
  '  |____| .__|_| |_|_| |_\__, | / / / /
 =========|_|==============|___/=/_/_/_/

 :: Spring Boot ::                (v3.4.4)

2026-04-14T00:22:37.033+05:30  INFO 72174 --- [quantity-measurement-app] [           main] .a.q.r.QuantityMeasurementRepositoryTest : Starting QuantityMeasurementRepositoryTest using Java 17.0.18 with PID 72174 (started by vivekshilpi in /Users/vivekshilpi/QuantityMeasurementApp/QuantityMeasurementApp)
2026-04-14T00:22:37.036+05:30  INFO 72174 --- [quantity-measurement-app] [           main] .a.q.r.QuantityMeasurementRepositoryTest : No active profile set, falling back to 1 default profile: "default"
2026-04-14T00:22:37.408+05:30  INFO 72174 --- [quantity-measurement-app] [           main] .s.d.r.c.RepositoryConfigurationDelegate : Bootstrapping Spring Data JPA repositories in DEFAULT mode.
2026-04-14T00:22:37.471+05:30  INFO 72174 --- [quantity-measurement-app] [           main] .s.d.r.c.RepositoryConfigurationDelegate : Finished Spring Data repository scanning in 55 ms. Found 2 JPA repository interfaces.
2026-04-14T00:22:37.521+05:30  INFO 72174 --- [quantity-measurement-app] [           main] beddedDataSourceBeanFactoryPostProcessor : Replacing 'dataSource' DataSource bean with embedded version
2026-04-14T00:22:37.620+05:30  INFO 72174 --- [quantity-measurement-app] [           main] o.s.j.d.e.EmbeddedDatabaseFactory        : Starting embedded database: url='jdbc:h2:mem:7f7e5bbe-927d-41ad-8b78-984818b689ad;DB_CLOSE_DELAY=-1;DB_CLOSE_ON_EXIT=false', username='sa'
2026-04-14T00:22:37.795+05:30  INFO 72174 --- [quantity-measurement-app] [           main] o.hibernate.jpa.internal.util.LogHelper  : HHH000204: Processing PersistenceUnitInfo [name: default]
2026-04-14T00:22:37.824+05:30  INFO 72174 --- [quantity-measurement-app] [           main] org.hibernate.Version                    : HHH000412: Hibernate ORM core version 6.6.11.Final
2026-04-14T00:22:37.842+05:30  INFO 72174 --- [quantity-measurement-app] [           main] o.h.c.internal.RegionFactoryInitiator    : HHH000026: Second-level cache disabled
2026-04-14T00:22:38.006+05:30  INFO 72174 --- [quantity-measurement-app] [           main] o.s.o.j.p.SpringPersistenceUnitInfo      : No LoadTimeWeaver setup: ignoring JPA class transformer
2026-04-14T00:22:38.053+05:30  INFO 72174 --- [quantity-measurement-app] [           main] org.hibernate.orm.connections.pooling    : HHH10001005: Database info:
	Database JDBC URL [Connecting through datasource 'org.springframework.jdbc.datasource.embedded.EmbeddedDatabaseFactory$EmbeddedDataSourceProxy@4628a02b']
	Database driver: undefined/unknown
	Database version: 2.3.232
	Autocommit mode: undefined/unknown
	Isolation level: undefined/unknown
	Minimum pool size: undefined/unknown
	Maximum pool size: undefined/unknown
2026-04-14T00:22:38.562+05:30  INFO 72174 --- [quantity-measurement-app] [           main] o.h.e.t.j.p.i.JtaPlatformInitiator       : HHH000489: No JTA platform available (set 'hibernate.transaction.jta.platform' to enable JTA platform integration)
Hibernate: drop table if exists quantity_measurements cascade 
Hibernate: drop table if exists users cascade 
Hibernate: create table quantity_measurements (error boolean not null, that_value float(53), this_value float(53) not null, created_at timestamp(6) not null, id bigint generated by default as identity, updated_at timestamp(6), result varchar(500), error_message varchar(1000), that_measurement_type varchar(255), that_unit varchar(255), this_measurement_type varchar(255) not null, this_unit varchar(255) not null, operation enum ('ADD','COMPARE','CONVERT','DIVIDE','MULTIPLY','SUBTRACT') not null, primary key (id))
Hibernate: create table users (id bigint generated by default as identity, email varchar(255) not null unique, name varchar(255), password varchar(255), picture varchar(255), provider varchar(255) not null, provider_id varchar(255), role enum ('ADMIN','USER') not null, primary key (id))
Hibernate: create index idx_quantity_measurements_operation on quantity_measurements (operation)
Hibernate: create index idx_quantity_measurements_type on quantity_measurements (this_measurement_type)
Hibernate: create index idx_quantity_measurements_created_at on quantity_measurements (created_at)
2026-04-14T00:22:38.587+05:30  INFO 72174 --- [quantity-measurement-app] [           main] j.LocalContainerEntityManagerFactoryBean : Initialized JPA EntityManagerFactory for persistence unit 'default'
2026-04-14T00:22:38.788+05:30  INFO 72174 --- [quantity-measurement-app] [           main] o.s.d.j.r.query.QueryEnhancerFactory     : Hibernate is in classpath; If applicable, HQL parser will be used.
2026-04-14T00:22:39.107+05:30  INFO 72174 --- [quantity-measurement-app] [           main] .a.q.r.QuantityMeasurementRepositoryTest : Started QuantityMeasurementRepositoryTest in 2.336 seconds (process running for 3.179)
Hibernate: insert into quantity_measurements (created_at,error,error_message,operation,result,that_measurement_type,that_unit,that_value,this_measurement_type,this_unit,this_value,updated_at,id) values (?,?,?,?,?,?,?,?,?,?,?,?,default)
Hibernate: insert into quantity_measurements (created_at,error,error_message,operation,result,that_measurement_type,that_unit,that_value,this_measurement_type,this_unit,this_value,updated_at,id) values (?,?,?,?,?,?,?,?,?,?,?,?,default)
Hibernate: insert into quantity_measurements (created_at,error,error_message,operation,result,that_measurement_type,that_unit,that_value,this_measurement_type,this_unit,this_value,updated_at,id) values (?,?,?,?,?,?,?,?,?,?,?,?,default)
Hibernate: select count(qme1_0.id) from quantity_measurements qme1_0 where qme1_0.operation=? and not(qme1_0.error)
]]></system-out>
  </testcase>
  <testcase name="findByOperationReturnsMatchingRows" classname="com.app.quantitymeasurement.repository.QuantityMeasurementRepositoryTest" time="0.043">
    <system-out><![CDATA[Hibernate: insert into quantity_measurements (created_at,error,error_message,operation,result,that_measurement_type,that_unit,that_value,this_measurement_type,this_unit,this_value,updated_at,id) values (?,?,?,?,?,?,?,?,?,?,?,?,default)
Hibernate: insert into quantity_measurements (created_at,error,error_message,operation,result,that_measurement_type,that_unit,that_value,this_measurement_type,this_unit,this_value,updated_at,id) values (?,?,?,?,?,?,?,?,?,?,?,?,default)
Hibernate: insert into quantity_measurements (created_at,error,error_message,operation,result,that_measurement_type,that_unit,that_value,this_measurement_type,this_unit,this_value,updated_at,id) values (?,?,?,?,?,?,?,?,?,?,?,?,default)
Hibernate: select qme1_0.id,qme1_0.created_at,qme1_0.error,qme1_0.error_message,qme1_0.operation,qme1_0.result,qme1_0.that_measurement_type,qme1_0.that_unit,qme1_0.that_value,qme1_0.this_measurement_type,qme1_0.this_unit,qme1_0.this_value,qme1_0.updated_at from quantity_measurements qme1_0 where qme1_0.operation=?
]]></system-out>
  </testcase>
</testsuite>