<?xml version="1.0" encoding="UTF-8"?>
<testsuite xmlns:xsi="http://www.w3.org/2001/XMLSchema-instance" xsi:noNamespaceSchemaLocation="https://maven.apache.org/surefire/maven-surefire-plugin/xsd/surefire-test-report.xsd" version="3.0.2" name="com.app.quantitymeasurement.controller.QuantityMeasurementControllerTest" time="1.337" tests="3" errors="0" skipped="0" failures="0">
  <properties>
[...]
</properties>
  <testcase name="compareEndpointReturnsStructuredResponse" classname="com.app.quantitymeasurement.controller.QuantityMeasurementControllerTest" time="0.205">
    <system-out><![CDATA[2026-04-01T12:31:05.107+05:30  INFO 15842 --- [quantity-measurement-app] [           main] t.c.s.AnnotationConfigContextLoaderUtils : Could not detect default configuration classes for test class [com.app.quantitymeasurement.controller.QuantityMeasurementControllerTest]: QuantityMeasurementControllerTest does not declare any static, non-private, non-final, nested classes annotated with @Configuration.
2026-04-01T12:31:05.129+05:30  INFO 15842 --- [quantity-measurement-app] [           main] .b.t.c.SpringBootTestContextBootstrapper : Found @SpringBootConfiguration com.app.quantitymeasurement.QuantityMeasurementApplication for test class com.app.quantitymeasurement.controller.QuantityMeasurementControllerTest

  .   ____          _            __ _ _
 /\\ / ___'_ __ _ _(_)_ __  __ _ \ \ \ \
( ( )\___ | '_ | '_| | '_ \/ _` | \ \ \ \
 \\/  ___)| |_)| | | | | || (_| |  ) ) ) )
  '  |____| .__|_| |_|_| |_\__, | / / / /
 =========|_|==============|___/=/_/_/_/

 :: Spring Boot ::                (v3.4.4)

2026-04-01T12:31:05.167+05:30  INFO 15842 --- [quantity-measurement-app] [           main] .a.q.c.QuantityMeasurementControllerTest : Starting QuantityMeasurementControllerTest using Java 17.0.18 with PID 15842 (started by vivekshilpi in /Users/vivekshilpi/QuantityMeasurementApp/QuantityMeasurementApp)
2026-04-01T12:31:05.167+05:30  INFO 15842 --- [quantity-measurement-app] [           main] .a.q.c.QuantityMeasurementControllerTest : No active profile set, falling back to 1 default profile: "default"
2026-04-01T12:31:06.186+05:30  INFO 15842 --- [quantity-measurement-app] [           main] o.s.b.t.m.w.SpringBootMockServletContext : Initializing Spring TestDispatcherServlet ''
2026-04-01T12:31:06.186+05:30  INFO 15842 --- [quantity-measurement-app] [           main] o.s.t.web.servlet.TestDispatcherServlet  : Initializing Servlet ''
2026-04-01T12:31:06.187+05:30  INFO 15842 --- [quantity-measurement-app] [           main] o.s.t.web.servlet.TestDispatcherServlet  : Completed initialization in 1 ms
2026-04-01T12:31:06.202+05:30  INFO 15842 --- [quantity-measurement-app] [           main] .a.q.c.QuantityMeasurementControllerTest : Started QuantityMeasurementControllerTest in 1.066 seconds (process running for 4.306)
]]></system-out>
  </testcase>
  <testcase name="historyEndpointReturnsMeasurements" classname="com.app.quantitymeasurement.controller.QuantityMeasurementControllerTest" time="0.013"/>
  <testcase name="invalidInputReturnsBadRequest" classname="com.app.quantitymeasurement.controller.QuantityMeasurementControllerTest" time="0.017"/>
</testsuite>